<?xml version="1.0" encoding="UTF-8"?>
<testng-results ignored="0" total="4" passed="3" failed="1" skipped="0">
  <reporter-output>
  </reporter-output>
  <suite started-at="2025-05-11T00:07:39 IST" name="OpenCart_Suite_Version_01" finished-at="2025-05-11T00:08:47 IST" duration-ms="67532">
    <groups>
    </groups>
    <test started-at="2025-05-11T00:07:39 IST" name="OpenCart_TestPack_Version_01" finished-at="2025-05-11T00:08:47 IST" duration-ms="67532">
      <class name="com.opencart.qa.UnitTestScenarios.EndToEndPurchaseTest">
        <test-method is-config="true" signature="setup()[pri:0, instance:com.opencart.qa.UnitTestScenarios.EndToEndPurchaseTest@b7838a9]" started-at="2025-05-11T00:07:55 IST" name="setup" finished-at="2025-05-11T00:07:59 IST" duration-ms="3945" status="PASS">
          <reporter-output>
          </reporter-output>
        </test-method> <!-- setup -->
        <test-method signature="validateSuccessfulPurchaseFlow(java.lang.String,java.lang.String,java.lang.String,java.lang.String,java.lang.String,java.lang.String,java.lang.String,java.lang.String,java.lang.String,java.lang.String,java.lang.String)[pri:0, instance:com.opencart.qa.UnitTestScenarios.EndToEndPurchaseTest@b7838a9]" started-at="2025-05-11T00:07:59 IST" name="validateSuccessfulPurchaseFlow" data-provider="ValidOrderData" finished-at="2025-05-11T00:08:12 IST" duration-ms="12861" status="PASS">
          <params>
            <param index="0">
              <value>
                <![CDATA[test@mail.com]]>
              </value>
            </param>
            <param index="1">
              <value>
                <![CDATA[Pass123456789AABB]]>
              </value>
            </param>
            <param index="2">
              <value>
                <![CDATA[MacBook]]>
              </value>
            </param>
            <param index="3">
              <value>
                <![CDATA[1.0]]>
              </value>
            </param>
            <param index="4">
              <value>
                <![CDATA[John]]>
              </value>
            </param>
            <param index="5">
              <value>
                <![CDATA[Doe]]>
              </value>
            </param>
            <param index="6">
              <value>
                <![CDATA[123 St]]>
              </value>
            </param>
            <param index="7">
              <value>
                <![CDATA[NYC]]>
              </value>
            </param>
            <param index="8">
              <value>
                <![CDATA[12345.0]]>
              </value>
            </param>
            <param index="9">
              <value>
                <![CDATA[United Kingdom]]>
              </value>
            </param>
            <param index="10">
              <value>
                <![CDATA[Aberdeen]]>
              </value>
            </param>
          </params>
          <reporter-output>
          </reporter-output>
        </test-method> <!-- validateSuccessfulPurchaseFlow -->
        <test-method is-config="true" signature="teardown()[pri:0, instance:com.opencart.qa.UnitTestScenarios.EndToEndPurchaseTest@b7838a9]" started-at="2025-05-11T00:08:12 IST" name="teardown" finished-at="2025-05-11T00:08:12 IST" duration-ms="217" status="PASS">
          <reporter-output>
          </reporter-output>
        </test-method> <!-- teardown -->
      </class> <!-- com.opencart.qa.UnitTestScenarios.EndToEndPurchaseTest -->
      <class name="com.opencart.qa.UnitTestScenarios.Footer_ContactUsForm">
        <test-method is-config="true" signature="setup()[pri:0, instance:com.opencart.qa.UnitTestScenarios.Footer_ContactUsForm@696f0212]" started-at="2025-05-11T00:08:12 IST" name="setup" finished-at="2025-05-11T00:08:16 IST" duration-ms="3370" status="PASS">
          <reporter-output>
          </reporter-output>
        </test-method> <!-- setup -->
        <test-method signature="fillContactUsFormFromFooter()[pri:1, instance:com.opencart.qa.UnitTestScenarios.Footer_ContactUsForm@696f0212]" started-at="2025-05-11T00:08:16 IST" name="fillContactUsFormFromFooter" finished-at="2025-05-11T00:08:20 IST" duration-ms="4621" status="FAIL">
          <exception class="org.openqa.selenium.NoSuchElementException">
            <message>
              <![CDATA[no such element: Unable to locate element: {"method":"css selector","selector":"#content > p"}
  (Session info: chrome=136.0.7103.93)
For documentation on this error, please visit: https://www.selenium.dev/documentation/webdriver/troubleshooting/errors#no-such-element-exception
Build info: version: '4.19.1', revision: 'abe0ee07dc'
System info: os.name: 'Windows 11', os.arch: 'amd64', os.version: '10.0', java.version: '21.0.6'
Driver info: org.openqa.selenium.chrome.ChromeDriver
Command: [c974f35981c533b1fafffc37ef78d542, findElement {using=css selector, value=#content > p}]
Capabilities {acceptInsecureCerts: false, browserName: chrome, browserVersion: 136.0.7103.93, chrome: {chromedriverVersion: 136.0.7103.92 (cb81a4cc5087..., userDataDir: C:\Users\sdets\AppData\Loca...}, fedcm:accounts: true, goog:chromeOptions: {debuggerAddress: localhost:60308}, networkConnectionEnabled: false, pageLoadStrategy: normal, platformName: windows, proxy: Proxy(), se:cdp: ws://localhost:60308/devtoo..., se:cdpVersion: 136.0.7103.93, setWindowRect: true, strictFileInteractability: false, timeouts: {implicit: 0, pageLoad: 300000, script: 30000}, unhandledPromptBehavior: dismiss and notify, webauthn:extension:credBlob: true, webauthn:extension:largeBlob: true, webauthn:extension:minPinLength: true, webauthn:extension:prf: true, webauthn:virtualAuthenticators: true}
Session ID: c974f35981c533b1fafffc37ef78d542]]>
            </message>
            <full-stacktrace>
              <![CDATA[org.openqa.selenium.NoSuchElementException: no such element: Unable to locate element: {"method":"css selector","selector":"#content > p"}
  (Session info: chrome=136.0.7103.93)
For documentation on this error, please visit: https://www.selenium.dev/documentation/webdriver/troubleshooting/errors#no-such-element-exception
Build info: version: '4.19.1', revision: 'abe0ee07dc'
System info: os.name: 'Windows 11', os.arch: 'amd64', os.version: '10.0', java.version: '21.0.6'
Driver info: org.openqa.selenium.chrome.ChromeDriver
Command: [c974f35981c533b1fafffc37ef78d542, findElement {using=css selector, value=#content > p}]
Capabilities {acceptInsecureCerts: false, browserName: chrome, browserVersion: 136.0.7103.93, chrome: {chromedriverVersion: 136.0.7103.92 (cb81a4cc5087..., userDataDir: C:\Users\sdets\AppData\Loca...}, fedcm:accounts: true, goog:chromeOptions: {debuggerAddress: localhost:60308}, networkConnectionEnabled: false, pageLoadStrategy: normal, platformName: windows, proxy: Proxy(), se:cdp: ws://localhost:60308/devtoo..., se:cdpVersion: 136.0.7103.93, setWindowRect: true, strictFileInteractability: false, timeouts: {implicit: 0, pageLoad: 300000, script: 30000}, unhandledPromptBehavior: dismiss and notify, webauthn:extension:credBlob: true, webauthn:extension:largeBlob: true, webauthn:extension:minPinLength: true, webauthn:extension:prf: true, webauthn:virtualAuthenticators: true}
Session ID: c974f35981c533b1fafffc37ef78d542
at java.base/jdk.internal.reflect.DirectConstructorHandleAccessor.newInstance(DirectConstructorHandleAccessor.java:62)
at java.base/java.lang.reflect.Constructor.newInstanceWithCaller(Constructor.java:502)
at java.base/java.lang.reflect.Constructor.newInstance(Constructor.java:486)
at org.openqa.selenium.remote.ErrorCodec.decode(ErrorCodec.java:167)
at org.openqa.selenium.remote.codec.w3c.W3CHttpResponseCodec.decode(W3CHttpResponseCodec.java:138)
at org.openqa.selenium.remote.codec.w3c.W3CHttpResponseCodec.decode(W3CHttpResponseCodec.java:50)
at org.openqa.selenium.remote.HttpCommandExecutor.execute(HttpCommandExecutor.java:190)
at org.openqa.selenium.remote.service.DriverCommandExecutor.invokeExecute(DriverCommandExecutor.java:216)
at org.openqa.selenium.remote.service.DriverCommandExecutor.execute(DriverCommandExecutor.java:174)
at org.openqa.selenium.remote.RemoteWebDriver.execute(RemoteWebDriver.java:518)
at org.openqa.selenium.remote.ElementLocation$ElementFinder$2.findElement(ElementLocation.java:165)
at org.openqa.selenium.remote.ElementLocation.findElement(ElementLocation.java:59)
at org.openqa.selenium.remote.RemoteWebDriver.findElement(RemoteWebDriver.java:355)
at org.openqa.selenium.remote.RemoteWebDriver.findElement(RemoteWebDriver.java:349)
at com.opencart.qa.UnitTestScenarios.Footer_ContactUsForm.fillContactUsFormFromFooter(Footer_ContactUsForm.java:41)
at java.base/jdk.internal.reflect.DirectMethodHandleAccessor.invoke(DirectMethodHandleAccessor.java:103)
at java.base/java.lang.reflect.Method.invoke(Method.java:580)
at org.testng.internal.invokers.MethodInvocationHelper.invokeMethod(MethodInvocationHelper.java:141)
at org.testng.internal.invokers.TestInvoker.invokeMethod(TestInvoker.java:687)
at org.testng.internal.invokers.TestInvoker.invokeTestMethod(TestInvoker.java:230)
at org.testng.internal.invokers.MethodRunner.runInSequence(MethodRunner.java:63)
at org.testng.internal.invokers.TestInvoker$MethodInvocationAgent.invoke(TestInvoker.java:995)
at org.testng.internal.invokers.TestInvoker.invokeTestMethods(TestInvoker.java:203)
at org.testng.internal.invokers.TestMethodWorker.invokeTestMethods(TestMethodWorker.java:154)
at org.testng.internal.invokers.TestMethodWorker.run(TestMethodWorker.java:134)
at java.base/java.util.ArrayList.forEach(ArrayList.java:1596)
at org.testng.TestRunner.privateRun(TestRunner.java:741)
at org.testng.TestRunner.run(TestRunner.java:616)
at org.testng.SuiteRunner.runTest(SuiteRunner.java:421)
at org.testng.SuiteRunner.runSequentially(SuiteRunner.java:413)
at org.testng.SuiteRunner.privateRun(SuiteRunner.java:373)
at org.testng.SuiteRunner.run(SuiteRunner.java:312)
at org.testng.SuiteRunnerWorker.runSuite(SuiteRunnerWorker.java:52)
at org.testng.SuiteRunnerWorker.run(SuiteRunnerWorker.java:95)
at org.testng.TestNG.runSuitesSequentially(TestNG.java:1274)
at org.testng.TestNG.runSuitesLocally(TestNG.java:1208)
at org.testng.TestNG.runSuites(TestNG.java:1112)
at org.testng.TestNG.run(TestNG.java:1079)
at org.testng.remote.AbstractRemoteTestNG.run(AbstractRemoteTestNG.java:115)
at org.testng.remote.RemoteTestNG.initAndRun(RemoteTestNG.java:293)
at org.testng.remote.RemoteTestNG.main(RemoteTestNG.java:91)
]]>
            </full-stacktrace>
          </exception> <!-- org.openqa.selenium.NoSuchElementException -->
          <reporter-output>
          </reporter-output>
        </test-method> <!-- fillContactUsFormFromFooter -->
        <test-method is-config="true" signature="tearDown()[pri:0, instance:com.opencart.qa.UnitTestScenarios.Footer_ContactUsForm@696f0212]" started-at="2025-05-11T00:08:20 IST" name="tearDown" finished-at="2025-05-11T00:08:21 IST" duration-ms="242" status="PASS">
          <reporter-output>
          </reporter-output>
        </test-method> <!-- tearDown -->
      </class> <!-- com.opencart.qa.UnitTestScenarios.Footer_ContactUsForm -->
      <class name="com.opencart.qa.UnitTestScenarios.CountingMenuItemsWithHoverEffect">
        <test-method is-config="true" signature="setup()[pri:0, instance:com.opencart.qa.UnitTestScenarios.CountingMenuItemsWithHoverEffect@5733f295]" started-at="2025-05-11T00:08:21 IST" name="setup" finished-at="2025-05-11T00:08:22 IST" duration-ms="1709" status="PASS">
          <reporter-output>
          </reporter-output>
        </test-method> <!-- setup -->
        <test-method signature="validateTotalHeaderMenuItemsCount()[pri:0, instance:com.opencart.qa.UnitTestScenarios.CountingMenuItemsWithHoverEffect@5733f295]" started-at="2025-05-11T00:08:22 IST" name="validateTotalHeaderMenuItemsCount" finished-at="2025-05-11T00:08:46 IST" duration-ms="23916" status="PASS">
          <reporter-output>
          </reporter-output>
        </test-method> <!-- validateTotalHeaderMenuItemsCount -->
        <test-method is-config="true" signature="tearDown()[pri:0, instance:com.opencart.qa.UnitTestScenarios.CountingMenuItemsWithHoverEffect@5733f295]" started-at="2025-05-11T00:08:47 IST" name="tearDown" finished-at="2025-05-11T00:08:47 IST" duration-ms="245" status="PASS">
          <reporter-output>
          </reporter-output>
        </test-method> <!-- tearDown -->
      </class> <!-- com.opencart.qa.UnitTestScenarios.CountingMenuItemsWithHoverEffect -->
      <class name="com.opencart.qa.UnitTestScenarios.AddToCart">
        <test-method is-config="true" signature="setup()[pri:0, instance:com.opencart.qa.UnitTestScenarios.AddToCart@349c1daf]" started-at="2025-05-11T00:07:40 IST" name="setup" finished-at="2025-05-11T00:07:45 IST" duration-ms="5082" status="PASS">
          <reporter-output>
          </reporter-output>
        </test-method> <!-- setup -->
        <test-method signature="validateSuccessfulPurchaseFlow(java.lang.String,java.lang.String,java.lang.String,java.lang.String,java.lang.String,java.lang.String,java.lang.String,java.lang.String,java.lang.String,java.lang.String,java.lang.String)[pri:0, instance:com.opencart.qa.UnitTestScenarios.AddToCart@349c1daf]" started-at="2025-05-11T00:07:45 IST" name="validateSuccessfulPurchaseFlow" data-provider="Order1" finished-at="2025-05-11T00:07:54 IST" duration-ms="9163" status="PASS">
          <params>
            <param index="0">
              <value>
                <![CDATA[test@mail.com]]>
              </value>
            </param>
            <param index="1">
              <value>
                <![CDATA[Pass123456789AABB]]>
              </value>
            </param>
            <param index="2">
              <value>
                <![CDATA[MacBook]]>
              </value>
            </param>
            <param index="3">
              <value>
                <![CDATA[1.0]]>
              </value>
            </param>
            <param index="4">
              <value>
                <![CDATA[John]]>
              </value>
            </param>
            <param index="5">
              <value>
                <![CDATA[Doe]]>
              </value>
            </param>
            <param index="6">
              <value>
                <![CDATA[123 St]]>
              </value>
            </param>
            <param index="7">
              <value>
                <![CDATA[NYC]]>
              </value>
            </param>
            <param index="8">
              <value>
                <![CDATA[12345.0]]>
              </value>
            </param>
            <param index="9">
              <value>
                <![CDATA[United Kingdom]]>
              </value>
            </param>
            <param index="10">
              <value>
                <![CDATA[Aberdeen]]>
              </value>
            </param>
          </params>
          <reporter-output>
          </reporter-output>
        </test-method> <!-- validateSuccessfulPurchaseFlow -->
        <test-method is-config="true" signature="teardown()[pri:0, instance:com.opencart.qa.UnitTestScenarios.AddToCart@349c1daf]" started-at="2025-05-11T00:07:55 IST" name="teardown" finished-at="2025-05-11T00:07:55 IST" duration-ms="250" status="PASS">
          <reporter-output>
          </reporter-output>
        </test-method> <!-- teardown -->
      </class> <!-- com.opencart.qa.UnitTestScenarios.AddToCart -->
    </test> <!-- OpenCart_TestPack_Version_01 -->
  </suite> <!-- OpenCart_Suite_Version_01 -->
</testng-results>
