<?xml version="1.0" encoding="UTF-8"?>
<testng-results ignored="0" total="1" passed="1" failed="0" skipped="0">
  <reporter-output>
  </reporter-output>
  <suite started-at="2025-05-10T20:09:18 IST" name="Default suite" finished-at="2025-05-10T20:09:46 IST" duration-ms="27962">
    <groups>
    </groups>
    <test started-at="2025-05-10T20:09:18 IST" name="Default test" finished-at="2025-05-10T20:09:46 IST" duration-ms="27962">
      <class name="com.opencart.qa.UnitTestScenarios.CountingMenuItemsWithHoverEffect">
        <test-method is-config="true" signature="setup()[pri:0, instance:com.opencart.qa.UnitTestScenarios.CountingMenuItemsWithHoverEffect@217ed35e]" started-at="2025-05-10T20:09:18 IST" name="setup" finished-at="2025-05-10T20:09:23 IST" duration-ms="5211" status="PASS">
          <reporter-output>
          </reporter-output>
        </test-method> <!-- setup -->
        <test-method signature="validateTotalHeaderMenuItemsCount()[pri:0, instance:com.opencart.qa.UnitTestScenarios.CountingMenuItemsWithHoverEffect@217ed35e]" started-at="2025-05-10T20:09:23 IST" name="validateTotalHeaderMenuItemsCount" finished-at="2025-05-10T20:09:45 IST" duration-ms="22359" status="PASS">
          <reporter-output>
          </reporter-output>
        </test-method> <!-- validateTotalHeaderMenuItemsCount -->
        <test-method is-config="true" signature="tearDown()[pri:0, instance:com.opencart.qa.UnitTestScenarios.CountingMenuItemsWithHoverEffect@217ed35e]" started-at="2025-05-10T20:09:45 IST" name="tearDown" finished-at="2025-05-10T20:09:46 IST" duration-ms="344" status="PASS">
          <reporter-output>
          </reporter-output>
        </test-method> <!-- tearDown -->
      </class> <!-- com.opencart.qa.UnitTestScenarios.CountingMenuItemsWithHoverEffect -->
    </test> <!-- Default test -->
  </suite> <!-- Default suite -->
</testng-results>
